Loading svelte-check in workspace: /home/user/Documents/LANG/parlez-vous/parlezvous
Getting Svelte diagnostics...

/home/user/Documents/LANG/parlez-vous/parlezvous/src/routes/avatar/+page.svelte:17:9
Error: Identifier 'VRM' has already been declared
https://svelte.dev/e/js_parse_error (svelte)
    let VRMLoaderPlugin: any;
    let VRM: any;
    let VRMAnimationLoaderPlugin: any;

/home/user/Documents/LANG/parlez-vous/parlezvous/src/routes/conjugator/+page.svelte:180:1
Warn: `<div>` with a keydown handler must have an ARIA role
https://svelte.dev/e/a11y_no_static_element_interactions (svelte)
<!-- svelte-ignore a11y_no_noninteractive_tabindex -->
<div class="max-w-5xl mx-auto p-6 flex flex-col gap-8 min-h-[calc(100vh-64px)]" tabindex="0" onkeydown={handlePageKeydown} bind:this={pageEl}>

    <!-- Header row -->
    <div class="flex flex-col md:flex-row justify-between items-start md:items-center gap-4">
        <div>
            <h1 class="text-3xl font-bold text-yellow-200">Verb Conjugator</h1>
            <p class="text-zinc-400 mt-2">Practice dynamic conjugations in {settingsState.targetLanguage}.</p>
        </div>
        <div class="flex items-center gap-4">
            <!-- Score badge -->
            {#if history.length > 0}
                <div class="flex items-center gap-2 bg-zinc-900 border border-zinc-800 rounded-2xl px-5 py-2.5">
                    <span class="text-xs font-bold tracking-widest text-zinc-500 uppercase">Last 10</span>
                    <span class="text-2xl font-black tabular-nums"
                        class:text-green-400={recentScore() >= 7}
                        class:text-yellow-200={recentScore() >= 4 && recentScore() < 7}
                        class:text-red-400={recentScore() < 4}
                    >{recentScore()}</span>
                    <span class="text-zinc-500 text-sm">/10</span>
                </div>
            {/if}

            <button
                id="new-exercise-btn"
                class="bg-yellow-200 hover:bg-yellow-300 disabled:opacity-50 text-zinc-900 font-bold py-3 px-6 rounded-xl transition-all shadow-[0_0_15px_rgba(253,253,150,0.2)] active:scale-95"
                onclick={generateExercise}
                disabled={isGenerating}
            >
                {isGenerating ? 'Generating...' : 'New Exercise'}
            </button>
        </div>
    </div>

    <!-- Main content area: exercise + sidebar history -->
    <div class="flex flex-col lg:flex-row gap-6 flex-1">

        <!-- Exercise card -->
        <div class="flex-1 flex flex-col">
            {#if isGenerating}
                <div class="flex-1 flex items-center justify-center bg-zinc-900/50 rounded-3xl border border-dashed border-zinc-700 min-h-[400px]">
                    <div class="animate-pulse flex flex-col items-center">
                        <div class="w-16 h-16 border-4 border-yellow-200 border-t-transparent rounded-full animate-spin"></div>
                        <p class="mt-4 text-zinc-400 font-bold tracking-widest uppercase text-sm">Consulting Grammar...</p>
                    </div>
                </div>
            {:else if exercise}
                <div class="bg-zinc-900 border border-zinc-800 rounded-3xl p-8 md:p-12 shadow-2xl relative overflow-hidden flex-1">
                    <div class="absolute top-0 right-0 w-32 h-32 bg-yellow-200/5 rounded-bl-[100px] -z-10"></div>

                    <!-- Timer bar -->
                    {#if timerActive}
                        <div class="mb-6 flex items-center gap-3">
                            <div class="flex-1 h-2 bg-zinc-800 rounded-full overflow-hidden">
                                <div
                                    class="h-full rounded-full transition-all duration-1000 ease-linear"
                                    style="width: {timerProgress * 100}%; background: {timerColor()}"
                                ></div>
                            </div>
                            <span class="text-sm font-mono font-bold tabular-nums min-w-[50px] text-right"
                                style="color: {timerColor()}"
                            >{fmtTime(timerSeconds)}</span>
                        </div>
                    {/if}

                    <div class="flex flex-col gap-8 items-center text-center">

                        <div class="space-y-2">
                            <span class="text-xs font-bold tracking-widest text-zinc-500 uppercase">Verb to conjugate</span>
                            <h2 class="text-4xl md:text-5xl font-bold text-zinc-100">{exercise.verb}</h2>
                            <p class="text-yellow-200/80 font-medium italic">({exercise.english_translation})</p>
                        </div>

                        <div class="flex gap-4">
                            <div class="bg-zinc-950 border border-zinc-800 px-6 py-3 rounded-2xl flex flex-col items-center min-w-[120px]">
                                <span class="text-zinc-500 text-xs font-bold uppercase tracking-widest mb-1">Tense</span>
                                <span class="text-yellow-200 font-bold">{exercise.tense}</span>
                            </div>
                            <div class="bg-zinc-950 border border-zinc-800 px-6 py-3 rounded-2xl flex flex-col items-center min-w-[120px]">
                                <span class="text-zinc-500 text-xs font-bold uppercase tracking-widest mb-1">Pronoun</span>
                                <span class="text-yellow-200 font-bold">{exercise.pronoun}</span>
                            </div>
                        </div>

                        <div class="w-full max-w-md mt-6 space-y-4">
                            <input
                                id="conjugation-input"
                                type="text"
                                bind:value={userAnswer}
                                bind:this={inputEl}
                                onkeydown={handleKeydown}
                                placeholder="Type the conjugated form..."
                                disabled={hasSubmitted}
                                class="w-full bg-zinc-950 border border-zinc-800 text-zinc-100 rounded-2xl px-6 py-4 focus:outline-none focus:border-yellow-200/50 transition-colors text-lg text-center"
                            >

                            {#if !hasSubmitted}
                                <button
                                    id="submit-answer-btn"
                                    class="w-full bg-zinc-800 hover:bg-zinc-700 disabled:opacity-50 text-zinc-100 font-bold py-4 px-6 rounded-2xl transition-colors"
                                    onclick={checkAnswer}
                                    disabled={!userAnswer.trim()}
                                >
                                    Submit Answer
                                </button>
                            {:else}
                                {#if isCorrect}
                                    <div class="w-full bg-green-500/10 border border-green-500/30 text-green-500 font-bold py-4 px-6 rounded-2xl text-center flex flex-col gap-1 animate-fadeIn">
                                        <span>✓ Excellent!</span>
                                        <span class="text-sm font-normal text-green-500/80">Added to your Vocabulary Flashcards.</span>
                                    </div>
                                {:else}
                                    <div class="w-full bg-red-500/10 border border-red-500/30 text-red-400 font-bold py-4 px-6 rounded-2xl text-center flex flex-col gap-2 animate-fadeIn">
                                        <span>✗ Not quite right.</span>
                                        <div class="text-sm font-normal flex flex-col">
                                            <span class="text-zinc-400">Correct answer:</span>
                                            <span class="text-xl text-yellow-200">{exercise.answer}</span>
                                        </div>
                                    </div>

                                {/if}
                            {/if}
                        </div>

                    </div>
                </div>
            {:else}
                <div class="flex-1 flex items-center justify-center bg-zinc-900/20 rounded-3xl border border-dashed border-zinc-800 min-h-[400px]">
                    <p class="text-zinc-500 flex flex-col items-center gap-2">
                        <span class="text-4xl opacity-50">✨</span>
                        <span>Click "New Exercise" to generate a random conjugation challenge.</span>
                    </p>
                </div>
            {/if}
        </div>

        <!-- History sidebar -->
        {#if history.length > 0}
            <div class="lg:w-72 shrink-0">
                <div class="bg-zinc-900 border border-zinc-800 rounded-3xl p-5 sticky top-6">
                    <h3 class="text-xs font-bold tracking-widest text-zinc-500 uppercase mb-4">Recent History</h3>

                    <div class="flex flex-col gap-2">
                        {#each [...history].reverse() as entry, i (history.length - 1 - i)}
                            <div class="flex items-center gap-3 px-3 py-2.5 rounded-xl transition-colors {entry.correct ? 'bg-green-950/40' : 'bg-red-950/40'}"
                            >
                                <span class="text-lg shrink-0" class:text-green-400={entry.correct} class:text-red-400={!entry.correct}>
                                    {entry.correct ? '✓' : '✗'}
                                </span>
                                <div class="flex flex-col min-w-0">
                                    <span class="text-sm font-semibold text-zinc-200 truncate">
                                        {entry.exercise.verb}
                                    </span>
                                    <span class="text-xs text-zinc-500 truncate">
                                        {entry.exercise.pronoun} · {entry.exercise.tense}
                                    </span>
                                </div>
                                <span class="ml-auto text-xs font-mono text-zinc-600 shrink-0">
                                    {entry.correct ? entry.userAnswer : entry.exercise.answer}
                                </span>
                            </div>
                        {/each}
                    </div>

                    <!-- Timer info -->
                    {#if timerActive}
                        <div class="mt-4 pt-4 border-t border-zinc-800 text-center">
                            <span class="text-xs text-zinc-500 uppercase tracking-widest">Next in</span>
                            <span class="text-sm font-mono font-bold ml-2" style="color: {timerColor()}">{fmtTime(timerSeconds)}</span>
                        </div>
                    {/if}
                </div>
            </div>
        {/if}
    </div>
</div>

/home/user/Documents/LANG/parlez-vous/parlezvous/tsconfig.json:1:1
Warn: Cannot find type definition file for 'node'.
  The file is in the program because:
    Entry point of type library 'node' specified in compilerOptions 


====================================
svelte-check found 1 error and 2 warnings in 3 files
